[2024-01-25T23:50:33.904Z] [INFO]: GET /api/v1/class/ received at Fri Jan 26 2024 01:50:33 GMT+0200 (Central Africa Time)
[2024-01-25T23:51:36.641Z] [INFO]: DELETE /api/v1/class/8b4da3bf-2686-492d-a37c-d6e730337cbb?id=d2d76bff-edf5-4ccf-92e4-dba48fb15ff5 received at Fri Jan 26 2024 01:51:36 GMT+0200 (Central Africa Time)
[2024-01-25T23:51:36.657Z] [INFO]: Class deleted: PHP class
[2024-01-25T23:52:10.926Z] [INFO]: POST /api/v1/auth/login received at Fri Jan 26 2024 01:52:10 GMT+0200 (Central Africa Time)
[2024-01-25T23:53:26.134Z] [INFO]: POST /api/v1/class received at Fri Jan 26 2024 01:53:26 GMT+0200 (Central Africa Time)
[2024-01-25T23:55:09.061Z] [INFO]: POST /api/v1/class received at Fri Jan 26 2024 01:55:09 GMT+0200 (Central Africa Time)
[2024-01-25T23:55:49.115Z] [INFO]: POST /api/v1/class received at Fri Jan 26 2024 01:55:49 GMT+0200 (Central Africa Time)
[2024-01-25T23:55:49.119Z] [ERROR]: Error: Invalid token format. Bearer token expected.
[2024-01-25T23:57:39.124Z] [INFO]: class controller loaded
[2024-01-25T23:57:44.271Z] [INFO]: class controller loaded
[2024-01-25T23:57:52.151Z] [INFO]: GET /api/v1/class/ received at Fri Jan 26 2024 01:57:52 GMT+0200 (Central Africa Time)
[2024-01-25T23:57:52.172Z] [ERROR]: Error fetching classes: action is not defined
[2024-01-25T23:57:52.177Z] [ERROR]: Error: action is not defined
[2024-01-25T23:59:31.162Z] [INFO]: class controller loaded
[2024-01-25T23:59:32.742Z] [INFO]: class controller loaded
[2024-01-25T23:59:34.111Z] [INFO]: GET /api/v1/class/ received at Fri Jan 26 2024 01:59:34 GMT+0200 (Central Africa Time)
[2024-01-25T23:59:34.130Z] [ERROR]: Error fetching classes: action is not defined
[2024-01-25T23:59:34.135Z] [ERROR]: Error: action is not defined
[2024-01-26T00:00:12.680Z] [INFO]: GET /api/v1/class/ received at Fri Jan 26 2024 02:00:12 GMT+0200 (Central Africa Time)
[2024-01-26T00:00:12.736Z] [ERROR]: Error fetching classes: action is not defined
[2024-01-26T00:00:12.755Z] [ERROR]: Error: action is not defined
[2024-01-26T00:00:52.700Z] [INFO]: GET /api/v1/class/ received at Fri Jan 26 2024 02:00:52 GMT+0200 (Central Africa Time)
[2024-01-26T00:00:52.726Z] [ERROR]: Error: action is not defined
[2024-01-26T00:01:24.363Z] [INFO]: GET /api/v1/class/ received at Fri Jan 26 2024 02:01:24 GMT+0200 (Central Africa Time)
[2024-01-26T00:42:03.839Z] [INFO]: POST /api/v1/auth/register received at Fri Jan 26 2024 02:42:03 GMT+0200 (Central Africa Time)
[2024-01-26T00:42:36.109Z] [INFO]: POST /api/v1/auth/register received at Fri Jan 26 2024 02:42:36 GMT+0200 (Central Africa Time)
[2024-01-26T00:43:55.559Z] [INFO]: POST /api/v1/auth/register received at Fri Jan 26 2024 02:43:55 GMT+0200 (Central Africa Time)
[2024-01-26T00:43:55.909Z] [ERROR]: Error: Validation error
[2024-01-26T00:46:36.271Z] [INFO]: POST /api/v1/auth/register received at Fri Jan 26 2024 02:46:36 GMT+0200 (Central Africa Time)
[2024-01-26T00:46:36.384Z] [ERROR]: Error: mailOptions is not defined
[2024-01-26T00:48:28.898Z] [INFO]: POST /api/v1/auth/register received at Fri Jan 26 2024 02:48:28 GMT+0200 (Central Africa Time)
[2024-01-26T00:56:10.797Z] [INFO]: POST /api/v1/auth/register received at Fri Jan 26 2024 02:56:10 GMT+0200 (Central Africa Time)
[2024-01-26T01:02:41.167Z] [INFO]: POST /api/v1/auth/register received at Fri Jan 26 2024 03:02:41 GMT+0200 (Central Africa Time)
[2024-01-26T01:03:10.226Z] [INFO]: GET /user/verify/b2162b96-9ef2-433b-91d6-e590639a3c3f received at Fri Jan 26 2024 03:03:10 GMT+0200 (Central Africa Time)
[2024-01-26T01:14:33.969Z] [INFO]: GET /user/verify/b2162b96-9ef2-433b-91d6-e590639a3c3f received at Fri Jan 26 2024 03:14:33 GMT+0200 (Central Africa Time)
[2024-01-26T01:14:40.871Z] [INFO]: GET /user/verify/b2162b96-9ef2-433b-91d6-e590639a3c3f received at Fri Jan 26 2024 03:14:40 GMT+0200 (Central Africa Time)
[2024-01-26T01:15:01.990Z] [INFO]: GET /user/verify/b2162b96-9ef2-433b-91d6-e590639a3c3f received at Fri Jan 26 2024 03:15:01 GMT+0200 (Central Africa Time)
[2024-01-26T01:15:06.512Z] [INFO]: GET /user/verify/b2162b96-9ef2-433b-91d6-e590639a3c3f received at Fri Jan 26 2024 03:15:06 GMT+0200 (Central Africa Time)
[2024-01-26T01:15:09.568Z] [INFO]: GET /user/verify/b2162b96-9ef2-433b-91d6-e590639a3c3f received at Fri Jan 26 2024 03:15:09 GMT+0200 (Central Africa Time)
[2024-01-26T01:16:14.369Z] [INFO]: GET /user/verify/b2162b96-9ef2-433b-91d6-e590639a3c3f received at Fri Jan 26 2024 03:16:14 GMT+0200 (Central Africa Time)
[2024-01-26T01:17:36.667Z] [INFO]: POST /api/v1/auth/register received at Fri Jan 26 2024 03:17:36 GMT+0200 (Central Africa Time)
[2024-01-26T01:18:03.991Z] [INFO]: GET /api/v1/user/verify/123e669c-a595-4d2c-9e62-2385f4a654bc received at Fri Jan 26 2024 03:18:03 GMT+0200 (Central Africa Time)
[2024-01-26T01:21:09.710Z] [INFO]: POST /api/v1/auth/register received at Fri Jan 26 2024 03:21:09 GMT+0200 (Central Africa Time)
[2024-01-26T01:21:30.859Z] [INFO]: GET /api/v1/auth/verify/1cdb1e5b-2c52-419c-b85b-601501444e5e received at Fri Jan 26 2024 03:21:30 GMT+0200 (Central Africa Time)
[2024-01-26T01:21:58.530Z] [INFO]: GET /api/v1/auth/verify/$%7BverificationCode%7D received at Fri Jan 26 2024 03:21:58 GMT+0200 (Central Africa Time)
[2024-01-26T01:23:54.071Z] [INFO]: GET /api/v1/auth/verify/123e669c-a595-4d2c-9e62-2385f4a654bc received at Fri Jan 26 2024 03:23:54 GMT+0200 (Central Africa Time)
[2024-01-26T01:23:57.410Z] [INFO]: GET /api/v1/user/verify/123e669c-a595-4d2c-9e62-2385f4a654bc received at Fri Jan 26 2024 03:23:57 GMT+0200 (Central Africa Time)
[2024-01-26T01:24:05.018Z] [INFO]: GET /api/v1/user/verify/1 received at Fri Jan 26 2024 03:24:05 GMT+0200 (Central Africa Time)
[2024-01-26T01:26:16.433Z] [INFO]: POST /api/v1/auth/register received at Fri Jan 26 2024 03:26:16 GMT+0200 (Central Africa Time)
[2024-01-26T01:26:32.935Z] [INFO]: GET /api/v1/auth/verify-email/22ea55c5-e9f2-4dd7-a737-09e9ed7b8477 received at Fri Jan 26 2024 03:26:32 GMT+0200 (Central Africa Time)
[2024-01-26T01:28:18.051Z] [INFO]: GET /api/v1/auth/verify-email/22ea55c5-e9f2-4dd7-a737-09e9ed7b8477 received at Fri Jan 26 2024 03:28:18 GMT+0200 (Central Africa Time)
[2024-01-26T01:28:31.967Z] [INFO]: GET /api/v1/auth/verify-email/1 received at Fri Jan 26 2024 03:28:31 GMT+0200 (Central Africa Time)
[2024-01-26T01:28:38.918Z] [INFO]: GET /api/v1/auth/:verify-email/1 received at Fri Jan 26 2024 03:28:38 GMT+0200 (Central Africa Time)
[2024-01-26T01:29:36.147Z] [INFO]: GET /api/v1/auth/:verify-email/1 received at Fri Jan 26 2024 03:29:36 GMT+0200 (Central Africa Time)
[2024-01-26T01:29:38.154Z] [INFO]: GET /api/v1/auth/:verify-email/1 received at Fri Jan 26 2024 03:29:38 GMT+0200 (Central Africa Time)
[2024-01-26T01:29:50.588Z] [INFO]: GET /api/v1/auth/1 received at Fri Jan 26 2024 03:29:50 GMT+0200 (Central Africa Time)
[2024-01-26T01:30:02.954Z] [INFO]: GET /api/v1/auth/verify-email/1 received at Fri Jan 26 2024 03:30:02 GMT+0200 (Central Africa Time)
[2024-01-26T14:07:05.592Z] [INFO]: GET /api/v1/auth/verify/$%7BverificationCode%7D received at Fri Jan 26 2024 16:07:05 GMT+0200 (Central Africa Time)
[2024-01-29T08:39:53.916Z] [INFO]: POST /api/v1/auth/login received at Mon Jan 29 2024 10:39:53 GMT+0200 (Central Africa Time)
[2024-01-29T08:39:53.938Z] [ERROR]: Error: Invalid email or password
[2024-01-29T08:40:47.144Z] [INFO]: GET /api/v1/auth/verify-email/1 received at Mon Jan 29 2024 10:40:47 GMT+0200 (Central Africa Time)
[2024-01-29T08:43:46.053Z] [INFO]: POST /api/v1/auth/register received at Mon Jan 29 2024 10:43:46 GMT+0200 (Central Africa Time)
[2024-01-29T08:43:59.205Z] [INFO]: GET /api/v1/auth/verify-email/0607d219-e398-46b2-8578-2846419ab9b3 received at Mon Jan 29 2024 10:43:59 GMT+0200 (Central Africa Time)
[2024-01-29T08:44:34.902Z] [INFO]: GET /api/v1/auth/verify-email/0607d219-e398-46b2-8578-2846419ab9b3 received at Mon Jan 29 2024 10:44:34 GMT+0200 (Central Africa Time)
[2024-01-29T08:46:09.904Z] [INFO]: GET /api/v1/auth/verify-email/0607d219-e398-46b2-8578-2846419ab9b3 received at Mon Jan 29 2024 10:46:09 GMT+0200 (Central Africa Time)
[2024-01-29T08:48:30.893Z] [INFO]: GET /api/v1/auth/verify-email/0607d219-e398-46b2-8578-2846419ab9b3 received at Mon Jan 29 2024 10:48:30 GMT+0200 (Central Africa Time)
[2024-01-29T08:59:30.598Z] [INFO]: POST /api/v1/auth/register received at Mon Jan 29 2024 10:59:30 GMT+0200 (Central Africa Time)
[2024-01-29T08:59:30.702Z] [ERROR]: Error: Table 'attendance_db.users' doesn't exist
[2024-01-29T08:59:42.038Z] [INFO]: POST /api/v1/auth/register received at Mon Jan 29 2024 10:59:42 GMT+0200 (Central Africa Time)
[2024-01-29T09:21:50.150Z] [INFO]: POST /api/v1/auth/register received at Mon Jan 29 2024 11:21:50 GMT+0200 (Central Africa Time)
[2024-01-29T09:22:40.788Z] [INFO]: GET /api/v1/auth/verify-email/d2c075f0-9290-45d8-8a47-308238feccfd4 received at Mon Jan 29 2024 11:22:40 GMT+0200 (Central Africa Time)
[2024-01-29T09:22:59.022Z] [INFO]: GET /api/v1/auth/verify-email/d2c075f0-9290-45d8-8a47-308238feccd received at Mon Jan 29 2024 11:22:59 GMT+0200 (Central Africa Time)
[2024-01-29T09:23:46.395Z] [INFO]: GET /api/v1/auth/verify-email/d2c075f0-9290-45d8-8a47-308238feccfd4 received at Mon Jan 29 2024 11:23:46 GMT+0200 (Central Africa Time)
[2024-01-29T09:27:05.764Z] [INFO]: POST /api/v1/auth/register received at Mon Jan 29 2024 11:27:05 GMT+0200 (Central Africa Time)
[2024-01-29T09:27:05.895Z] [ERROR]: Error: Validation error
[2024-01-29T09:27:10.729Z] [INFO]: GET /api/v1/auth/verify-email/d2c075f0-9290-45d8-8a47-308238feccfd4 received at Mon Jan 29 2024 11:27:10 GMT+0200 (Central Africa Time)
[2024-01-29T09:27:10.882Z] [INFO]: GET /api/v1/auth/verify-email/d2c075f0-9290-45d8-8a47-308238feccfd4 received at Mon Jan 29 2024 11:27:10 GMT+0200 (Central Africa Time)
[2024-01-29T09:27:25.201Z] [INFO]: POST /api/v1/auth/register received at Mon Jan 29 2024 11:27:25 GMT+0200 (Central Africa Time)
[2024-01-29T09:27:59.580Z] [INFO]: GET /api/v1/auth/verify-email/89fc3ab5-90f7-49ae-a56c-f669be848e5d received at Mon Jan 29 2024 11:27:59 GMT+0200 (Central Africa Time)
[2024-01-29T09:27:59.892Z] [INFO]: GET /favicon.ico received at Mon Jan 29 2024 11:27:59 GMT+0200 (Central Africa Time)
[2024-01-29T09:28:44.857Z] [INFO]: POST /api/v1/auth/register received at Mon Jan 29 2024 11:28:44 GMT+0200 (Central Africa Time)
[2024-01-29T09:30:03.580Z] [INFO]: GET /api/v1/auth/verify-email/89fc3ab5-90f7-49ae-a56c-f669be848e5d received at Mon Jan 29 2024 11:30:03 GMT+0200 (Central Africa Time)
[2024-01-29T09:31:04.932Z] [INFO]: GET /api/v1/auth/verify-email/bf1ed6cd-e349-4b58-9edc-f1501e08455c received at Mon Jan 29 2024 11:31:04 GMT+0200 (Central Africa Time)
[2024-01-29T09:31:07.662Z] [INFO]: GET /api/v1/auth/verify-email/bf1ed6cd-e349-4b58-9edc-f1501e08455c received at Mon Jan 29 2024 11:31:07 GMT+0200 (Central Africa Time)
[2024-01-29T09:31:29.361Z] [INFO]: GET /api/v1/auth/verify-email/bf1ed6cd-e349-4b58-9edc-f1501e08455c received at Mon Jan 29 2024 11:31:29 GMT+0200 (Central Africa Time)
[2024-01-29T09:31:38.503Z] [INFO]: GET /api/v1/auth/verify-email/1 received at Mon Jan 29 2024 11:31:38 GMT+0200 (Central Africa Time)
[2024-01-29T09:34:27.188Z] [INFO]: GET /api/v1/auth/verify-email/1 received at Mon Jan 29 2024 11:34:27 GMT+0200 (Central Africa Time)
[2024-01-29T09:34:27.208Z] [ERROR]: Error: Invalid verification code.
[2024-01-29T09:34:33.409Z] [INFO]: GET /api/v1/auth/verify-email/bf1ed6cd-e349-4b58-9edc-f1501e08455c received at Mon Jan 29 2024 11:34:33 GMT+0200 (Central Africa Time)
[2024-01-29T09:34:33.415Z] [ERROR]: Error: Verification code has expired.
[2024-01-29T09:34:43.638Z] [INFO]: GET /api/v1/auth/verify-email/bf1ed6cd-e349-4b58-9edc-f1501e08455c received at Mon Jan 29 2024 11:34:43 GMT+0200 (Central Africa Time)
[2024-01-29T09:34:43.645Z] [ERROR]: Error: Verification code has expired.
[2024-01-29T09:51:40.260Z] [INFO]: GET /api/v1/auth/verify-email/forgot-password received at Mon Jan 29 2024 11:51:40 GMT+0200 (Central Africa Time)
[2024-01-29T09:51:40.282Z] [ERROR]: Error: Invalid verification code.
[2024-01-29T09:51:56.249Z] [INFO]: GET /api/v1/auth/forgot-password received at Mon Jan 29 2024 11:51:56 GMT+0200 (Central Africa Time)
[2024-01-29T09:56:05.468Z] [INFO]: POST /api/v1/auth/forgot-password received at Mon Jan 29 2024 11:56:05 GMT+0200 (Central Africa Time)
[2024-01-29T09:56:54.336Z] [INFO]: POST /api/v1/auth/forgot-password received at Mon Jan 29 2024 11:56:54 GMT+0200 (Central Africa Time)
[2024-01-29T09:57:17.422Z] [INFO]: POST /api/v1/auth/forgot-password received at Mon Jan 29 2024 11:57:17 GMT+0200 (Central Africa Time)
[2024-01-29T09:57:29.221Z] [INFO]: POST /api/v1/auth/forgot-password received at Mon Jan 29 2024 11:57:29 GMT+0200 (Central Africa Time)
[2024-01-29T10:17:35.280Z] [INFO]: POST /api/v1/auth/forgot-password received at Mon Jan 29 2024 12:17:35 GMT+0200 (Central Africa Time)
[2024-01-29T10:19:38.834Z] [INFO]: POST /api/v1/auth/forgot-password received at Mon Jan 29 2024 12:19:38 GMT+0200 (Central Africa Time)
[2024-01-29T10:19:41.004Z] [INFO]: POST /api/v1/auth/forgot-password received at Mon Jan 29 2024 12:19:41 GMT+0200 (Central Africa Time)
[2024-01-29T10:23:11.740Z] [INFO]: POST /api/v1/auth/forgot-password received at Mon Jan 29 2024 12:23:11 GMT+0200 (Central Africa Time)
[2024-01-29T10:30:17.331Z] [INFO]: POST /api/v1/auth/forgot-password received at Mon Jan 29 2024 12:30:17 GMT+0200 (Central Africa Time)
[2024-01-29T10:32:42.906Z] [INFO]: POST /api/v1/auth/forgot-password received at Mon Jan 29 2024 12:32:42 GMT+0200 (Central Africa Time)
[2024-01-29T10:33:16.634Z] [INFO]: POST /api/v1/auth/register received at Mon Jan 29 2024 12:33:16 GMT+0200 (Central Africa Time)
[2024-01-29T10:33:16.637Z] [ERROR]: Error: error.status is not a function
[2024-01-29T10:35:21.999Z] [INFO]: POST /api/v1/auth/forgot-password received at Mon Jan 29 2024 12:35:21 GMT+0200 (Central Africa Time)
[2024-01-29T10:38:33.378Z] [INFO]: POST /api/v1/auth/forgot-password received at Mon Jan 29 2024 12:38:33 GMT+0200 (Central Africa Time)
[2024-01-29T10:38:33.429Z] [ERROR]: Error: Incorrect datetime value: 'Invalid date' for column 'resetTokenExpiration' at row 1
[2024-01-29T10:41:54.868Z] [INFO]: POST /api/v1/auth/forgot-password received at Mon Jan 29 2024 12:41:54 GMT+0200 (Central Africa Time)
[2024-01-29T10:41:54.904Z] [ERROR]: Error: Incorrect datetime value: 'Invalid date' for column 'resetTokenExpiration' at row 1
[2024-01-29T10:42:06.451Z] [INFO]: POST /api/v1/auth/forgot-password received at Mon Jan 29 2024 12:42:06 GMT+0200 (Central Africa Time)
[2024-01-29T10:42:06.463Z] [ERROR]: Error: Table 'attendance_db.users' doesn't exist
[2024-01-29T10:42:16.813Z] [INFO]: POST /api/v1/auth/forgot-password received at Mon Jan 29 2024 12:42:16 GMT+0200 (Central Africa Time)
[2024-01-29T10:42:16.861Z] [ERROR]: Error: User not found.
[2024-01-29T10:42:21.352Z] [INFO]: POST /api/v1/auth/register received at Mon Jan 29 2024 12:42:21 GMT+0200 (Central Africa Time)
[2024-01-29T10:42:21.356Z] [ERROR]: Error: error.status is not a function
[2024-01-29T10:43:45.734Z] [INFO]: POST /api/v1/auth/register received at Mon Jan 29 2024 12:43:45 GMT+0200 (Central Africa Time)
[2024-01-29T10:43:45.743Z] [ERROR]: Error: Username, email, password, and role are required.
[2024-01-29T10:44:17.734Z] [INFO]: POST /api/v1/auth/register received at Mon Jan 29 2024 12:44:17 GMT+0200 (Central Africa Time)
[2024-01-29T10:44:37.190Z] [INFO]: GET /api/v1/auth/verify-email/a2983b97-5a79-42d1-981c-a805888fac96 received at Mon Jan 29 2024 12:44:37 GMT+0200 (Central Africa Time)
[2024-01-29T10:44:51.774Z] [INFO]: POST /api/v1/auth/forgot-password received at Mon Jan 29 2024 12:44:51 GMT+0200 (Central Africa Time)
[2024-01-29T10:44:51.801Z] [ERROR]: Error: Incorrect datetime value: 'Invalid date' for column 'resetTokenExpiration' at row 1
[2024-01-29T10:55:41.138Z] [INFO]: POST /api/v1/auth/register received at Mon Jan 29 2024 12:55:41 GMT+0200 (Central Africa Time)
[2024-01-29T10:55:41.266Z] [ERROR]: Error: Validation error
[2024-01-29T10:55:47.672Z] [INFO]: POST /api/v1/auth/forgot-password received at Mon Jan 29 2024 12:55:47 GMT+0200 (Central Africa Time)
[2024-01-29T10:55:47.687Z] [ERROR]: Error: tokenExpirationTime is not defined
[2024-01-29T10:56:29.650Z] [INFO]: POST /api/v1/auth/forgot-password received at Mon Jan 29 2024 12:56:29 GMT+0200 (Central Africa Time)
[2024-01-29T10:57:44.632Z] [INFO]: POST /api/v1/auth/forgot-password received at Mon Jan 29 2024 12:57:44 GMT+0200 (Central Africa Time)
[2024-01-29T10:58:40.732Z] [INFO]: POST /api/v1/auth/forgot-password received at Mon Jan 29 2024 12:58:40 GMT+0200 (Central Africa Time)
[2024-01-29T10:59:25.683Z] [INFO]: POST /api/v1/auth/forgot-password received at Mon Jan 29 2024 12:59:25 GMT+0200 (Central Africa Time)
[2024-01-29T10:59:25.734Z] [ERROR]: Error: resetTokenExpiration.getMinutes is not a function
[2024-01-29T11:00:20.730Z] [INFO]: POST /api/v1/auth/forgot-password received at Mon Jan 29 2024 13:00:20 GMT+0200 (Central Africa Time)
[2024-01-29T11:00:20.796Z] [ERROR]: Error: Incorrect datetime value: 'Invalid date' for column 'resetTokenExpiration' at row 1
[2024-01-29T12:04:02.744Z] [INFO]: GET /api/v1/class/ received at Mon Jan 29 2024 14:04:02 GMT+0200 (Central Africa Time)
[2024-01-29T12:04:02.754Z] [ERROR]: Error: jwt expired
[2024-01-29T12:04:43.652Z] [INFO]: GET /api/v1//class/ received at Mon Jan 29 2024 14:04:43 GMT+0200 (Central Africa Time)
[2024-01-29T12:04:58.102Z] [INFO]: GET /api/v1/class/ received at Mon Jan 29 2024 14:04:58 GMT+0200 (Central Africa Time)
[2024-01-29T12:04:58.106Z] [ERROR]: Error: jwt expired
[2024-01-29T12:05:30.723Z] [INFO]: POST /api/v1/auth/forgot-password received at Mon Jan 29 2024 14:05:30 GMT+0200 (Central Africa Time)
[2024-01-29T12:15:27.498Z] [INFO]: POST /api/v1/auth/forgot-password received at Mon Jan 29 2024 14:15:27 GMT+0200 (Central Africa Time)
[2024-01-29T12:16:07.658Z] [INFO]: GET /api/v1/auth/reset/17929647-4fcd-4706-abc8-138e4f60147d received at Mon Jan 29 2024 14:16:07 GMT+0200 (Central Africa Time)
[2024-01-29T12:21:33.435Z] [INFO]: GET /api/v1/auth/reset/17929647-4fcd-4706-abc8-138e4f60147d received at Mon Jan 29 2024 14:21:33 GMT+0200 (Central Africa Time)
[2024-01-29T12:22:06.063Z] [INFO]: GET /api/v1/auth/reset/17929647-4fcd-4706-abc8-138e4f60147d received at Mon Jan 29 2024 14:22:06 GMT+0200 (Central Africa Time)
[2024-01-29T12:26:58.960Z] [INFO]: POST /api/v1/auth/reset/17929647-4fcd-4706-abc8-138e4f60147d received at Mon Jan 29 2024 14:26:58 GMT+0200 (Central Africa Time)
[2024-01-29T12:27:37.874Z] [INFO]: POST /api/v1/auth/reset-password/17929647-4fcd-4706-abc8-138e4f60147d received at Mon Jan 29 2024 14:27:37 GMT+0200 (Central Africa Time)
[2024-01-29T12:27:37.880Z] [ERROR]: Error: Reset token and new password are required.
[2024-01-29T12:28:04.423Z] [INFO]: POST /api/v1/auth/login received at Mon Jan 29 2024 14:28:04 GMT+0200 (Central Africa Time)
[2024-01-29T12:28:22.706Z] [INFO]: POST /api/v1/auth/reset-password/17929647-4fcd-4706-abc8-138e4f60147d received at Mon Jan 29 2024 14:28:22 GMT+0200 (Central Africa Time)
[2024-01-29T12:28:22.708Z] [ERROR]: Error: Reset token and new password are required.
[2024-01-29T12:29:34.957Z] [INFO]: POST /api/v1/auth/reset-password/17929647-4fcd-4706-abc8-138e4f60147d received at Mon Jan 29 2024 14:29:34 GMT+0200 (Central Africa Time)
[2024-01-29T12:29:34.964Z] [ERROR]: Error: Reset token and new password are required.
[2024-01-29T12:30:03.344Z] [INFO]: POST /api/v1/auth/reset-password/17929647-4fcd-4706-abc8-138e4f60147d received at Mon Jan 29 2024 14:30:03 GMT+0200 (Central Africa Time)
[2024-01-29T12:31:23.822Z] [INFO]: POST /api/v1/auth/reset-password/17929647-4fcd-4706-abc8-138e4f60147d received at Mon Jan 29 2024 14:31:23 GMT+0200 (Central Africa Time)
[2024-01-29T12:31:23.859Z] [ERROR]: Error: error.status is not a function
[2024-01-29T12:31:58.756Z] [INFO]: POST /api/v1/auth/reset-password/17929647-4fcd-4706-abc8-138e4f60147d received at Mon Jan 29 2024 14:31:58 GMT+0200 (Central Africa Time)
[2024-01-29T12:31:58.780Z] [ERROR]: Error: Invalid reset token or token has expired.
[2024-01-29T12:36:15.190Z] [INFO]: POST /api/v1/auth/forgot-password received at Mon Jan 29 2024 14:36:15 GMT+0200 (Central Africa Time)
[2024-01-29T12:36:31.785Z] [INFO]: GET /api/v1/auth/reset-password/e7be85ea-208a-4760-b872-b3860e653948 received at Mon Jan 29 2024 14:36:31 GMT+0200 (Central Africa Time)
[2024-01-29T12:37:05.881Z] [INFO]: POST /api/v1/auth/reset-password/e7be85ea-208a-4760-b872-b3860e653948 received at Mon Jan 29 2024 14:37:05 GMT+0200 (Central Africa Time)
[2024-01-29T12:37:16.019Z] [INFO]: POST /api/v1/auth/login received at Mon Jan 29 2024 14:37:16 GMT+0200 (Central Africa Time)
[2024-01-29T12:37:16.026Z] [ERROR]: Error: Invalid email or password
[2024-01-29T12:37:23.939Z] [INFO]: POST /api/v1/auth/login received at Mon Jan 29 2024 14:37:23 GMT+0200 (Central Africa Time)
[2024-01-29T12:37:23.943Z] [ERROR]: Error: Invalid email or password
[2024-01-29T12:37:28.764Z] [INFO]: POST /api/v1/auth/login received at Mon Jan 29 2024 14:37:28 GMT+0200 (Central Africa Time)
[2024-01-29T12:37:28.768Z] [ERROR]: Error: Invalid email or password
[2024-01-29T12:37:46.441Z] [ERROR]: SyntaxError: Expected ',' or '}' after property value in JSON at position 53 (line 4 column 15)
    at JSON.parse (<anonymous>)
    at parse (C:\Users\D'anglebert\Documents\javascript\node-attendance\node_modules\body-parser\lib\types\json.js:89:19)
    at C:\Users\D'anglebert\Documents\javascript\node-attendance\node_modules\body-parser\lib\read.js:128:18
    at AsyncResource.runInAsyncScope (node:async_hooks:206:9)
    at invokeCallback (C:\Users\D'anglebert\Documents\javascript\node-attendance\node_modules\raw-body\index.js:231:16)
    at done (C:\Users\D'anglebert\Documents\javascript\node-attendance\node_modules\raw-body\index.js:220:7)
    at IncomingMessage.onEnd (C:\Users\D'anglebert\Documents\javascript\node-attendance\node_modules\raw-body\index.js:280:7)
    at IncomingMessage.emit (node:events:515:28)
    at endReadableNT (node:internal/streams/readable:1589:12)
    at process.processTicksAndRejections (node:internal/process/task_queues:82:21)
[2024-01-29T12:37:51.120Z] [INFO]: POST /api/v1/auth/login received at Mon Jan 29 2024 14:37:51 GMT+0200 (Central Africa Time)
[2024-01-29T12:37:51.129Z] [ERROR]: Error: Invalid email or password
[2024-01-29T12:40:06.029Z] [INFO]: POST /api/v1/auth/register received at Mon Jan 29 2024 14:40:06 GMT+0200 (Central Africa Time)
[2024-01-29T12:40:12.033Z] [INFO]: POST /api/v1/auth/forgot-password received at Mon Jan 29 2024 14:40:12 GMT+0200 (Central Africa Time)
[2024-01-29T12:40:31.393Z] [INFO]: GET /api/v1/auth/reset-password/d649fd47-747c-40f4-ba45-263b2e393d07 received at Mon Jan 29 2024 14:40:31 GMT+0200 (Central Africa Time)
