[2024-01-25T23:55:49.119Z] [ERROR]: Error: Invalid token format. Bearer token expected.
[2024-01-25T23:57:52.172Z] [ERROR]: Error fetching classes: action is not defined
[2024-01-25T23:57:52.177Z] [ERROR]: Error: action is not defined
[2024-01-25T23:59:34.130Z] [ERROR]: Error fetching classes: action is not defined
[2024-01-25T23:59:34.135Z] [ERROR]: Error: action is not defined
[2024-01-26T00:00:12.736Z] [ERROR]: Error fetching classes: action is not defined
[2024-01-26T00:00:12.755Z] [ERROR]: Error: action is not defined
[2024-01-26T00:00:52.726Z] [ERROR]: Error: action is not defined
[2024-01-26T00:43:55.909Z] [ERROR]: Error: Validation error
[2024-01-26T00:46:36.384Z] [ERROR]: Error: mailOptions is not defined
[2024-01-29T08:39:53.938Z] [ERROR]: Error: Invalid email or password
[2024-01-29T08:59:30.702Z] [ERROR]: Error: Table 'attendance_db.users' doesn't exist
[2024-01-29T09:27:05.895Z] [ERROR]: Error: Validation error
[2024-01-29T09:34:27.208Z] [ERROR]: Error: Invalid verification code.
[2024-01-29T09:34:33.415Z] [ERROR]: Error: Verification code has expired.
[2024-01-29T09:34:43.645Z] [ERROR]: Error: Verification code has expired.
[2024-01-29T09:51:40.282Z] [ERROR]: Error: Invalid verification code.
[2024-01-29T10:33:16.637Z] [ERROR]: Error: error.status is not a function
[2024-01-29T10:38:33.429Z] [ERROR]: Error: Incorrect datetime value: 'Invalid date' for column 'resetTokenExpiration' at row 1
[2024-01-29T10:41:54.904Z] [ERROR]: Error: Incorrect datetime value: 'Invalid date' for column 'resetTokenExpiration' at row 1
[2024-01-29T10:42:06.463Z] [ERROR]: Error: Table 'attendance_db.users' doesn't exist
[2024-01-29T10:42:16.861Z] [ERROR]: Error: User not found.
[2024-01-29T10:42:21.356Z] [ERROR]: Error: error.status is not a function
[2024-01-29T10:43:45.743Z] [ERROR]: Error: Username, email, password, and role are required.
[2024-01-29T10:44:51.801Z] [ERROR]: Error: Incorrect datetime value: 'Invalid date' for column 'resetTokenExpiration' at row 1
[2024-01-29T10:55:41.266Z] [ERROR]: Error: Validation error
[2024-01-29T10:55:47.687Z] [ERROR]: Error: tokenExpirationTime is not defined
[2024-01-29T10:59:25.734Z] [ERROR]: Error: resetTokenExpiration.getMinutes is not a function
[2024-01-29T11:00:20.796Z] [ERROR]: Error: Incorrect datetime value: 'Invalid date' for column 'resetTokenExpiration' at row 1
[2024-01-29T12:04:02.754Z] [ERROR]: Error: jwt expired
[2024-01-29T12:04:58.106Z] [ERROR]: Error: jwt expired
[2024-01-29T12:27:37.880Z] [ERROR]: Error: Reset token and new password are required.
[2024-01-29T12:28:22.708Z] [ERROR]: Error: Reset token and new password are required.
[2024-01-29T12:29:34.964Z] [ERROR]: Error: Reset token and new password are required.
[2024-01-29T12:31:23.859Z] [ERROR]: Error: error.status is not a function
[2024-01-29T12:31:58.780Z] [ERROR]: Error: Invalid reset token or token has expired.
[2024-01-29T12:37:16.026Z] [ERROR]: Error: Invalid email or password
[2024-01-29T12:37:23.943Z] [ERROR]: Error: Invalid email or password
[2024-01-29T12:37:28.768Z] [ERROR]: Error: Invalid email or password
[2024-01-29T12:37:46.441Z] [ERROR]: SyntaxError: Expected ',' or '}' after property value in JSON at position 53 (line 4 column 15)
    at JSON.parse (<anonymous>)
    at parse (C:\Users\D'anglebert\Documents\javascript\node-attendance\node_modules\body-parser\lib\types\json.js:89:19)
    at C:\Users\D'anglebert\Documents\javascript\node-attendance\node_modules\body-parser\lib\read.js:128:18
    at AsyncResource.runInAsyncScope (node:async_hooks:206:9)
    at invokeCallback (C:\Users\D'anglebert\Documents\javascript\node-attendance\node_modules\raw-body\index.js:231:16)
    at done (C:\Users\D'anglebert\Documents\javascript\node-attendance\node_modules\raw-body\index.js:220:7)
    at IncomingMessage.onEnd (C:\Users\D'anglebert\Documents\javascript\node-attendance\node_modules\raw-body\index.js:280:7)
    at IncomingMessage.emit (node:events:515:28)
    at endReadableNT (node:internal/streams/readable:1589:12)
    at process.processTicksAndRejections (node:internal/process/task_queues:82:21)
[2024-01-29T12:37:51.129Z] [ERROR]: Error: Invalid email or password
[2024-01-29T12:41:05.200Z] [ERROR]: Error: Invalid verification code.
[2024-01-29T12:42:02.987Z] [ERROR]: Error: Invalid email or password
